[    0.000000] Linux version 4.15.0-106-generic (buildd@lcy01-amd64-016) (gcc version 7.5.0 (Ubuntu 7.5.0-3ubuntu1~18.04)) #107-Ubuntu SMP Thu Jun 4 11:27:52 UTC 2020 (Ubuntu 4.15.0-106.107-generic 4.15.18)
[    0.000000] Command line: BOOT_IMAGE=/boot/vmlinuz-4.15.0-106-generic root=LABEL=cloudimg-rootfs ro console=tty1 console=ttyS0
[    0.000000] KERNEL supported cpus:
[    0.000000]   Intel GenuineIntel
[    0.000000]   AMD AuthenticAMD
[    0.000000]   Centaur CentaurHauls
[    0.000000] [Firmware Bug]: TSC doesn't count with P0 frequency!
[    0.000000] x86/fpu: Supporting XSAVE feature 0x001: 'x87 floating point registers'
[    0.000000] x86/fpu: Supporting XSAVE feature 0x002: 'SSE registers'
[    0.000000] x86/fpu: Supporting XSAVE feature 0x004: 'AVX registers'
[    0.000000] x86/fpu: xstate_offset[2]:  576, xstate_sizes[2]:  256
[    0.000000] x86/fpu: Enabled xstate features 0x7, context size is 832 bytes, using 'standard' format.
[    0.000000] e820: BIOS-provided physical RAM map:
[    0.000000] BIOS-e820: [mem 0x0000000000000000-0x000000000009fbff] usable
[    0.000000] BIOS-e820: [mem 0x000000000009fc00-0x000000000009ffff] reserved
[    0.000000] BIOS-e820: [mem 0x00000000000f0000-0x00000000000fffff] reserved
[    0.000000] BIOS-e820: [mem 0x0000000000100000-0x000000003ffeffff] usable
[    0.000000] BIOS-e820: [mem 0x000000003fff0000-0x000000003fffffff] ACPI data
[    0.000000] BIOS-e820: [mem 0x00000000fec00000-0x00000000fec00fff] reserved
[    0.000000] BIOS-e820: [mem 0x00000000fee00000-0x00000000fee00fff] reserved
[    0.000000] BIOS-e820: [mem 0x00000000fffc0000-0x00000000ffffffff] reserved
[    0.000000] NX (Execute Disable) protection: active
[    0.000000] SMBIOS 2.5 present.
[    0.000000] DMI: innotek GmbH VirtualBox/VirtualBox, BIOS VirtualBox 12/01/2006
[    0.000000] Hypervisor detected: KVM
[    0.000000] e820: last_pfn = 0x3fff0 max_arch_pfn = 0x400000000
[    0.000000] MTRR: Disabled
[    0.000000] x86/PAT: MTRRs disabled, skipping PAT initialization too.
[    0.000000] CPU MTRRs all blank - virtualized system.
[    0.000000] x86/PAT: Configuration [0-7]: WB  WT  UC- UC  WB  WT  UC- UC  
[    0.000000] found SMP MP-table at [mem 0x0009fff0-0x0009ffff]
[    0.000000] Scanning 1 areas for low memory corruption
[    0.000000] RAMDISK: [mem 0x35a6d000-0x36d2dfff]
[    0.000000] ACPI: Early table checksum verification disabled
[    0.000000] ACPI: RSDP 0x00000000000E0000 000024 (v02 VBOX  )
[    0.000000] ACPI: XSDT 0x000000003FFF0030 00003C (v01 VBOX   VBOXXSDT 00000001 ASL  00000061)
[    0.000000] ACPI: FACP 0x000000003FFF00F0 0000F4 (v04 VBOX   VBOXFACP 00000001 ASL  00000061)
[    0.000000] ACPI: DSDT 0x000000003FFF0470 002325 (v02 VBOX   VBOXBIOS 00000002 INTL 20100528)
[    0.000000] ACPI: FACS 0x000000003FFF0200 000040
[    0.000000] ACPI: FACS 0x000000003FFF0200 000040
[    0.000000] ACPI: APIC 0x000000003FFF0240 00005C (v02 VBOX   VBOXAPIC 00000001 ASL  00000061)
[    0.000000] ACPI: SSDT 0x000000003FFF02A0 0001CC (v01 VBOX   VBOXCPUT 00000002 INTL 20100528)
[    0.000000] No NUMA configuration found
[    0.000000] Faking a node at [mem 0x0000000000000000-0x000000003ffeffff]
[    0.000000] NODE_DATA(0) allocated [mem 0x3ffc5000-0x3ffeffff]
[    0.000000] kvm-clock: cpu 0, msr 0:3ff44001, primary cpu clock
[    0.000000] kvm-clock: Using msrs 4b564d01 and 4b564d00
[    0.000000] kvm-clock: using sched offset of 3408005229 cycles
[    0.000000] clocksource: kvm-clock: mask: 0xffffffffffffffff max_cycles: 0x1cd42e4dffb, max_idle_ns: 881590591483 ns
[    0.000000] Zone ranges:
[    0.000000]   DMA      [mem 0x0000000000001000-0x0000000000ffffff]
[    0.000000]   DMA32    [mem 0x0000000001000000-0x000000003ffeffff]
[    0.000000]   Normal   empty
[    0.000000]   Device   empty
[    0.000000] Movable zone start for each node
[    0.000000] Early memory node ranges
[    0.000000]   node   0: [mem 0x0000000000001000-0x000000000009efff]
[    0.000000]   node   0: [mem 0x0000000000100000-0x000000003ffeffff]
[    0.000000] Reserved but unavailable: 98 pages
[    0.000000] Initmem setup node 0 [mem 0x0000000000001000-0x000000003ffeffff]
[    0.000000] ACPI: PM-Timer IO Port: 0x4008
[    0.000000] IOAPIC[0]: apic_id 2, version 32, address 0xfec00000, GSI 0-23
[    0.000000] ACPI: INT_SRC_OVR (bus 0 bus_irq 0 global_irq 2 dfl dfl)
[    0.000000] ACPI: INT_SRC_OVR (bus 0 bus_irq 9 global_irq 9 low level)
[    0.000000] Using ACPI (MADT) for SMP configuration information
[    0.000000] smpboot: Allowing 2 CPUs, 0 hotplug CPUs
[    0.000000] PM: Registered nosave memory: [mem 0x00000000-0x00000fff]
[    0.000000] PM: Registered nosave memory: [mem 0x0009f000-0x0009ffff]
[    0.000000] PM: Registered nosave memory: [mem 0x000a0000-0x000effff]
[    0.000000] PM: Registered nosave memory: [mem 0x000f0000-0x000fffff]
[    0.000000] e820: [mem 0x40000000-0xfebfffff] available for PCI devices
[    0.000000] Booting paravirtualized kernel on KVM
[    0.000000] clocksource: refined-jiffies: mask: 0xffffffff max_cycles: 0xffffffff, max_idle_ns: 7645519600211568 ns
[    0.000000] random: get_random_bytes called from start_kernel+0x99/0x4fd with crng_init=0
[    0.000000] setup_percpu: NR_CPUS:8192 nr_cpumask_bits:2 nr_cpu_ids:2 nr_node_ids:1
[    0.000000] percpu: Embedded 45 pages/cpu s147456 r8192 d28672 u1048576
[    0.000000] PV qspinlock hash table entries: 256 (order: 0, 4096 bytes)
[    0.000000] Built 1 zonelists, mobility grouping on.  Total pages: 257913
[    0.000000] Policy zone: DMA32
[    0.000000] Kernel command line: BOOT_IMAGE=/boot/vmlinuz-4.15.0-106-generic root=LABEL=cloudimg-rootfs ro console=tty1 console=ttyS0
[    0.000000] Memory: 983048K/1048120K available (12300K kernel code, 2481K rwdata, 4272K rodata, 2436K init, 2720K bss, 65072K reserved, 0K cma-reserved)
[    0.000000] SLUB: HWalign=64, Order=0-3, MinObjects=0, CPUs=2, Nodes=1
[    0.000000] ftrace: allocating 39378 entries in 154 pages
[    0.004000] Hierarchical RCU implementation.
[    0.004000] 	RCU restricting CPUs from NR_CPUS=8192 to nr_cpu_ids=2.
[    0.004000] 	Tasks RCU enabled.
[    0.004000] RCU: Adjusting geometry for rcu_fanout_leaf=16, nr_cpu_ids=2
[    0.004000] NR_IRQS: 524544, nr_irqs: 440, preallocated irqs: 16
[    0.004000] Console: colour VGA+ 80x25
[    0.004000] console [tty1] enabled
[    0.004000] console [ttyS0] enabled
[    0.004000] ACPI: Core revision 20170831
[    0.004000] ACPI: 2 ACPI AML tables successfully acquired and loaded
[    0.004000] APIC: Switch to symmetric I/O mode setup
[    0.004000] x2apic enabled
[    0.004000] Switched APIC routing to physical x2apic.
[    0.004000] ..TIMER: vector=0x30 apic1=0 pin1=2 apic2=-1 pin2=-1
[    0.004000] tsc: Detected 3593.252 MHz processor
[    0.004000] Calibrating delay loop (skipped) preset value.. 7186.50 BogoMIPS (lpj=14373008)
[    0.004000] pid_max: default: 32768 minimum: 301
[    0.004000] Security Framework initialized
[    0.004000] Yama: becoming mindful.
[    0.004000] AppArmor: AppArmor initialized
[    0.004000] Dentry cache hash table entries: 131072 (order: 8, 1048576 bytes)
[    0.004000] Inode-cache hash table entries: 65536 (order: 7, 524288 bytes)
[    0.004000] Mount-cache hash table entries: 2048 (order: 2, 16384 bytes)
[    0.004009] Mountpoint-cache hash table entries: 2048 (order: 2, 16384 bytes)
[    0.005274] Last level iTLB entries: 4KB 1024, 2MB 1024, 4MB 512
[    0.006260] Last level dTLB entries: 4KB 1536, 2MB 1536, 4MB 768, 1GB 0
[    0.007119] Spectre V1 : Mitigation: usercopy/swapgs barriers and __user pointer sanitization
[    0.008004] Spectre V2 : Spectre mitigation: LFENCE not serializing, switching to generic retpoline
[    0.009160] Spectre V2 : Mitigation: Full generic retpoline
[    0.009873] Spectre V2 : Spectre v2 / SpectreRSB mitigation: Filling RSB on context switch
[    0.010925] Speculative Store Bypass: Mitigation: Speculative Store Bypass disabled via prctl and seccomp
[    0.012169] Freeing SMP alternatives memory: 36K
[    0.128000] smpboot: CPU0: AMD Ryzen 5 1600X Six-Core Processor (family: 0x17, model: 0x1, stepping: 0x1)
[    0.128000] Performance Events: PMU not available due to virtualization, using software events only.
[    0.128000] Hierarchical SRCU implementation.
[    0.128000] NMI watchdog: Perf event create on CPU 0 failed with -2
[    0.128004] NMI watchdog: Perf NMI watchdog permanently disabled
[    0.128818] smp: Bringing up secondary CPUs ...
[    0.129515] x86: Booting SMP configuration:
[    0.130086] .... node  #0, CPUs:      #1
[    0.004000] kvm-clock: cpu 1, msr 0:3ff44041, secondary cpu clock
[    0.132053] smp: Brought up 1 node, 2 CPUs
[    0.136048] smpboot: Max logical packages: 1
[    0.137273] smpboot: Total of 2 processors activated (14373.00 BogoMIPS)
[    0.138458] devtmpfs: initialized
[    0.138458] x86/mm: Memory block size: 128MB
[    0.138458] evm: security.selinux
[    0.138458] evm: security.SMACK64
[    0.138458] evm: security.SMACK64EXEC
[    0.138832] evm: security.SMACK64TRANSMUTE
[    0.139396] evm: security.SMACK64MMAP
[    0.139959] evm: security.apparmor
[    0.140022] evm: security.ima
[    0.140463] evm: security.capability
[    0.145334] clocksource: jiffies: mask: 0xffffffff max_cycles: 0xffffffff, max_idle_ns: 7645041785100000 ns
[    0.145362] futex hash table entries: 512 (order: 3, 32768 bytes)
[    0.148052] pinctrl core: initialized pinctrl subsystem
[    0.148852] RTC time: 11:58:05, date: 08/03/20
[    0.149592] NET: Registered protocol family 16
[    0.150270] audit: initializing netlink subsys (disabled)
[    0.151137] audit: type=2000 audit(1596455890.962:1): state=initialized audit_enabled=0 res=1
[    0.152004] cpuidle: using governor ladder
[    0.152816] cpuidle: using governor menu
[    0.152816] ACPI: bus type PCI registered
[    0.152816] acpiphp: ACPI Hot Plug PCI Controller Driver version: 0.5
[    0.152982] PCI: Using configuration type 1 for base access
[    0.153847] PCI: Using configuration type 1 for extended access
[    0.156794] HugeTLB registered 2.00 MiB page size, pre-allocated 0 pages
[    0.160089] ACPI: Added _OSI(Module Device)
[    0.160784] ACPI: Added _OSI(Processor Device)
[    0.161392] ACPI: Added _OSI(3.0 _SCP Extensions)
[    0.162003] ACPI: Added _OSI(Processor Aggregator Device)
[    0.162733] ACPI: Added _OSI(Linux-Dell-Video)
[    0.163299] ACPI: Added _OSI(Linux-Lenovo-NV-HDMI-Audio)
[    0.163985] ACPI: Added _OSI(Linux-HPI-Hybrid-Graphics)
[    0.164396] ACPI: Executed 1 blocks of module-level executable AML code
[    0.169232] ACPI: Interpreter enabled
[    0.170249] ACPI: (supports S0 S5)
[    0.171054] ACPI: Using IOAPIC for interrupt routing
[    0.172313] PCI: Using host bridge windows from ACPI; if necessary, use "pci=nocrs" and report a bug
[    0.173727] ACPI: Enabled 2 GPEs in block 00 to 07
[    0.180000] ACPI: PCI Root Bridge [PCI0] (domain 0000 [bus 00-ff])
[    0.180020] acpi PNP0A03:00: _OSC: OS supports [ExtendedConfig ASPM ClockPM Segments MSI]
[    0.182434] acpi PNP0A03:00: _OSC: platform does not support [PCIeCapability]
[    0.184000] acpi PNP0A03:00: _OSC: not requesting control; platform does not support [PCIeCapability]
[    0.184009] acpi PNP0A03:00: _OSC: OS requested [PCIeHotplug PME AER PCIeCapability]
[    0.185203] acpi PNP0A03:00: _OSC: platform willing to grant [PCIeHotplug PME AER]
[    0.186366] acpi PNP0A03:00: _OSC failed (AE_SUPPORT); disabling ASPM
[    0.187937] PCI host bridge to bus 0000:00
[    0.188009] pci_bus 0000:00: root bus resource [io  0x0000-0x0cf7 window]
[    0.188935] pci_bus 0000:00: root bus resource [io  0x0d00-0xffff window]
[    0.189883] pci_bus 0000:00: root bus resource [mem 0x000a0000-0x000bffff window]
[    0.191356] pci_bus 0000:00: root bus resource [mem 0x40000000-0xfdffffff window]
[    0.192000] pci_bus 0000:00: root bus resource [bus 00-ff]
[    0.193895] pci 0000:00:01.1: legacy IDE quirk: reg 0x10: [io  0x01f0-0x01f7]
[    0.195471] pci 0000:00:01.1: legacy IDE quirk: reg 0x14: [io  0x03f6]
[    0.196008] pci 0000:00:01.1: legacy IDE quirk: reg 0x18: [io  0x0170-0x0177]
[    0.196975] pci 0000:00:01.1: legacy IDE quirk: reg 0x1c: [io  0x0376]
[    0.212383] pci 0000:00:07.0: quirk: [io  0x4000-0x403f] claimed by PIIX4 ACPI
[    0.213614] pci 0000:00:07.0: quirk: [io  0x4100-0x410f] claimed by PIIX4 SMB
[    0.224517] ACPI: PCI Interrupt Link [LNKA] (IRQs 5 9 10 *11)
[    0.225761] ACPI: PCI Interrupt Link [LNKB] (IRQs 5 9 *10 11)
[    0.226585] ACPI: PCI Interrupt Link [LNKC] (IRQs 5 *9 10 11)
[    0.227464] ACPI: PCI Interrupt Link [LNKD] (IRQs 5 9 10 *11)
[    0.228480] SCSI subsystem initialized
[    0.229227] pci 0000:00:02.0: vgaarb: setting as boot VGA device
[    0.229319] pci 0000:00:02.0: vgaarb: VGA device added: decodes=io+mem,owns=io+mem,locks=none
[    0.230509] pci 0000:00:02.0: vgaarb: bridge control possible
[    0.232006] vgaarb: loaded
[    0.232526] ACPI: bus type USB registered
[    0.233148] usbcore: registered new interface driver usbfs
[    0.233891] usbcore: registered new interface driver hub
[    0.234665] usbcore: registered new device driver usb
[    0.236047] EDAC MC: Ver: 3.0.0
[    0.236775] PCI: Using ACPI for IRQ routing
[    0.236865] NetLabel: Initializing
[    0.237343] NetLabel:  domain hash size = 128
[    0.237929] NetLabel:  protocols = UNLABELED CIPSOv4 CALIPSO
[    0.238676] NetLabel:  unlabeled traffic allowed by default
[    0.241073] clocksource: Switched to clocksource kvm-clock
[    0.253974] VFS: Disk quotas dquot_6.6.0
[    0.254655] VFS: Dquot-cache hash table entries: 512 (order 0, 4096 bytes)
[    0.255706] AppArmor: AppArmor Filesystem Enabled
[    0.256557] pnp: PnP ACPI init
[    0.257945] pnp: PnP ACPI: found 3 devices
[    0.268115] clocksource: acpi_pm: mask: 0xffffff max_cycles: 0xffffff, max_idle_ns: 2085701024 ns
[    0.269334] NET: Registered protocol family 2
[    0.271139] TCP established hash table entries: 8192 (order: 4, 65536 bytes)
[    0.272105] TCP bind hash table entries: 8192 (order: 5, 131072 bytes)
[    0.272955] TCP: Hash tables configured (established 8192 bind 8192)
[    0.273809] UDP hash table entries: 512 (order: 2, 16384 bytes)
[    0.274572] UDP-Lite hash table entries: 512 (order: 2, 16384 bytes)
[    0.275531] NET: Registered protocol family 1
[    0.276143] pci 0000:00:00.0: Limiting direct PCI/PCI transfers
[    0.276934] pci 0000:00:01.0: Activating ISA DMA hang workarounds
[    0.276934] pci 0000:00:02.0: Video device with shadowed ROM at [mem 0x000c0000-0x000dffff]
[    0.276934] Unpacking initramfs...
[    0.554389] Freeing initrd memory: 19204K
[    0.555213] clocksource: tsc: mask: 0xffffffffffffffff max_cycles: 0x33cb6cd4eba, max_idle_ns: 440795374140 ns
[    0.556105] platform rtc_cmos: registered platform RTC device (no PNP device found)
[    0.556105] Scanning for low memory corruption every 60 seconds
[    0.560004] Initialise system trusted keyrings
[    0.561195] Key type blacklist registered
[    0.561996] workingset: timestamp_bits=36 max_order=18 bucket_order=0
[    0.564189] zbud: loaded
[    0.565129] squashfs: version 4.0 (2009/01/31) Phillip Lougher
[    0.566209] fuse init (API version 7.26)
[    0.570144] Key type asymmetric registered
[    0.570739] Asymmetric key parser 'x509' registered
[    0.571442] Block layer SCSI generic (bsg) driver version 0.4 loaded (major 246)
[    0.572492] io scheduler noop registered
[    0.573059] io scheduler deadline registered
[    0.573648] io scheduler cfq registered (default)
[    0.574647] ACPI: AC Adapter [AC] (on-line)
[    0.575241] input: Power Button as /devices/LNXSYSTM:00/LNXPWRBN:00/input/input0
[    0.576544] ACPI: Power Button [PWRF]
[    0.577251] input: Sleep Button as /devices/LNXSYSTM:00/LNXSLPBN:00/input/input1
[    0.578616] ACPI: Sleep Button [SLPF]
[    0.579962] Serial: 8250/16550 driver, 32 ports, IRQ sharing enabled
[    0.601396] 00:02: ttyS0 at I/O 0x3f8 (irq = 4, base_baud = 115200) is a 16550A
[    0.604899] Linux agpgart interface v0.103
[    0.607099] loop: module loaded
[    0.608191] scsi host0: ata_piix
[    0.609016] scsi host1: ata_piix
[    0.609520] ata1: PATA max UDMA/33 cmd 0x1f0 ctl 0x3f6 bmdma 0xd000 irq 14
[    0.610461] ata2: PATA max UDMA/33 cmd 0x170 ctl 0x376 bmdma 0xd008 irq 15
[    0.611436] libphy: Fixed MDIO Bus: probed
[    0.611996] tun: Universal TUN/TAP device driver, 1.6
[    0.612773] PPP generic driver version 2.4.2
[    0.613424] ehci_hcd: USB 2.0 'Enhanced' Host Controller (EHCI) Driver
[    0.614285] ehci-pci: EHCI PCI platform driver
[    0.614904] ehci-platform: EHCI generic platform driver
[    0.615608] ohci_hcd: USB 1.1 'Open' Host Controller (OHCI) Driver
[    0.616461] ohci-pci: OHCI PCI platform driver
[    0.617066] ohci-platform: OHCI generic platform driver
[    0.617777] uhci_hcd: USB Universal Host Controller Interface driver
[    0.618679] i8042: PNP: PS/2 Controller [PNP0303:PS2K,PNP0f03:PS2M] at 0x60,0x64 irq 1,12
[    0.620255] serio: i8042 KBD port at 0x60,0x64 irq 1
[    0.620976] serio: i8042 AUX port at 0x60,0x64 irq 12
[    0.621794] mousedev: PS/2 mouse device common for all mice
[    0.622812] input: AT Translated Set 2 keyboard as /devices/platform/i8042/serio0/input/input2
[    0.624387] rtc_cmos rtc_cmos: rtc core: registered rtc_cmos as rtc0
[    0.625497] rtc_cmos rtc_cmos: alarms up to one day, 114 bytes nvram
[    0.626825] i2c /dev entries driver
[    0.627761] device-mapper: uevent: version 1.0.3
[    0.628775] device-mapper: ioctl: 4.37.0-ioctl (2017-09-20) initialised: dm-devel@redhat.com
[    0.630072] ledtrig-cpu: registered to indicate activity on CPUs
[    0.631326] NET: Registered protocol family 10
[    0.634589] Segment Routing with IPv6
[    0.635104] NET: Registered protocol family 17
[    0.635800] Key type dns_resolver registered
[    0.636604] mce: Using 0 MCE banks
[    0.637110] RAS: Correctable Errors collector initialized.
[    0.637841] sched_clock: Marking stable (636577961, 0)->(775535216, -138957255)
[    0.639181] registered taskstats version 1
[    0.639736] Loading compiled-in X.509 certificates
[    0.642219] Loaded X.509 cert 'Build time autogenerated kernel key: b1772ce3e036cbf6bf2b7e9ed9be0f8806d61091'
[    0.643481] zswap: loaded using pool lzo/zbud
[    0.646577] Key type big_key registered
[    0.647185] Key type trusted registered
[    0.648913] Key type encrypted registered
[    0.649492] AppArmor: AppArmor sha1 policy hashing enabled
[    0.650279] ima: No TPM chip found, activating TPM-bypass! (rc=-19)
[    0.651181] ima: Allocated hash algorithm: sha1
[    0.651979] evm: HMAC attrs: 0x1
[    0.652813]   Magic number: 0:844:983
[    0.653405] rtc_cmos rtc_cmos: setting system clock to 2020-08-03 11:58:06 UTC (1596455886)
[    0.654721] BIOS EDD facility v0.16 2004-Jun-25, 0 devices found
[    0.655480] EDD information not available.
[    1.142396] Freeing unused kernel image memory: 2436K
[    1.443988] Write protecting the kernel read-only data: 20480k
[    1.445906] Freeing unused kernel image memory: 2008K
[    1.447309] Freeing unused kernel image memory: 1872K
[    1.454642] x86/mm: Checked W+X mappings: passed, no W+X pages found.
Loading, please wait...
starting version 237
[    1.516552] e1000: Intel(R) PRO/1000 Network Driver - version 7.3.21-k8-NAPI
[    1.517922] e1000: Copyright (c) 1999-2006 Intel Corporation.
[    1.519016] Fusion MPT base driver 3.04.20
[    1.519660] Copyright (c) 1999-2008 LSI Corporation
[    1.523957] Fusion MPT SPI Host driver 3.04.20
[    1.538093] AVX2 version of gcm_enc/dec engaged.
[    1.538790] AES CTR mode by8 optimization enabled
[    1.733439] input: ImExPS/2 Generic Explorer Mouse as /devices/platform/i8042/serio1/input/input4
[    1.900432] e1000 0000:00:03.0 eth0: (PCI:33MHz:32-bit) 02:fc:38:2c:42:7e
[    1.901356] e1000 0000:00:03.0 eth0: Intel(R) PRO/1000 Network Connection
[    2.272792] e1000 0000:00:08.0 eth1: (PCI:33MHz:32-bit) 08:00:27:2a:9a:5a
[    2.273842] e1000 0000:00:08.0 eth1: Intel(R) PRO/1000 Network Connection
[    2.275696] e1000 0000:00:08.0 enp0s8: renamed from eth1
[    2.276669] mptbase: ioc0: Initiating bringup
[    2.294678] e1000 0000:00:03.0 enp0s3: renamed from eth0
[    2.376640] ioc0: LSI53C1030 A0: Capabilities={Initiator}
[    2.618040] scsi host2: ioc0: LSI53C1030 A0, FwRev=00000000h, Ports=1, MaxQ=256, IRQ=20
[    2.785619] scsi 2:0:0:0: Direct-Access     VBOX     HARDDISK         1.0  PQ: 0 ANSI: 5
[    2.936468] scsi target2:0:0: Beginning Domain Validation
[    2.938140] scsi target2:0:0: Domain Validation skipping write tests
[    2.939037] scsi target2:0:0: Ending Domain Validation
[    2.939808] scsi target2:0:0: asynchronous
[    2.940880] scsi 2:0:1:0: Direct-Access     VBOX     HARDDISK         1.0  PQ: 0 ANSI: 5
[    3.459312] scsi target2:0:1: Beginning Domain Validation
[    3.462053] random: fast init done
[    3.462087] scsi target2:0:1: Domain Validation skipping write tests
[    3.463649] scsi target2:0:1: Ending Domain Validation
[    3.464609] scsi target2:0:1: asynchronous
[    3.470220] random: systemd-udevd: uninitialized urandom read (16 bytes read)
[    3.471256] random: systemd-udevd: uninitialized urandom read (16 bytes read)
[    3.472277] random: systemd-udevd: uninitialized urandom read (16 bytes read)
[    3.473570] sd 2:0:0:0: Attached scsi generic sg0 type 0
[    3.474546] sd 2:0:0:0: [sda] 20971520 512-byte logical blocks: (10.7 GB/10.0 GiB)
[    3.475740] sd 2:0:0:0: [sda] Write Protect is off
[    3.476850] sd 2:0:1:0: Attached scsi generic sg1 type 0
[    3.478134] sd 2:0:0:0: [sda] Incomplete mode parameter data
[    3.478240] sd 2:0:1:0: [sdb] 20480 512-byte logical blocks: (10.5 MB/10.0 MiB)
[    3.478990] sd 2:0:0:0: [sda] Assuming drive cache: write through
[    3.481128] sd 2:0:1:0: [sdb] Write Protect is off
[    3.484073] sd 2:0:1:0: [sdb] Incomplete mode parameter data
[    3.485195] sd 2:0:1:0: [sdb] Assuming drive cache: write through
[    3.487857]  sda: sda1
[    3.490245] sd 2:0:0:0: [sda] Attached SCSI disk
[    3.492085] sd 2:0:1:0: [sdb] Attached SCSI disk
Begin: Loading essential drivers ... [    4.917121] raid6: sse2x1   gen()  7453 MB/s
[    4.964529] raid6: sse2x1   xor()  7119 MB/s
[    5.012528] raid6: sse2x2   gen() 15014 MB/s
[    5.061922] raid6: sse2x2   xor() 10195 MB/s
[    5.108790] raid6: sse2x4   gen() 15625 MB/s
[    5.156024] raid6: sse2x4   xor()  6433 MB/s
[    5.205275] raid6: avx2x1   gen() 15129 MB/s
[    5.252129] raid6: avx2x1   xor() 11011 MB/s
[    5.301294] raid6: avx2x2   gen() 19195 MB/s
[    5.349624] raid6: avx2x2   xor() 13802 MB/s
[    5.397510] raid6: avx2x4   gen() 21838 MB/s
[    5.445555] raid6: avx2x4   xor()  8572 MB/s
[    5.446303] raid6: using algorithm avx2x4 gen() 21838 MB/s
[    5.447112] raid6: .... xor() 8572 MB/s, rmw enabled
[    5.447870] raid6: using avx2x2 recovery algorithm
[    5.449912] xor: automatically using best checksumming function   avx       
[    5.452891] async_tx: api initialized (async)
done.
Begin: Running /scripts/init-premount ... done.
Begin: Mounting root file system ... Begin: Running /scripts/local-top ... done.
Begin: Running /scripts/local-premount ... [    5.492397] Btrfs loaded, crc32c=crc32c-intel
Scanning for Btrfs filesystems
done.
Warning: fsck not present, so skipping root file system
[    5.530437] EXT4-fs (sda1): mounted filesystem with ordered data mode. Opts: (null)
done.
Begin: Running /scripts/local-bottom ... done.
Begin: Running /scripts/init-bottom ... done.
[    5.700596] ip_tables: (C) 2000-2006 Netfilter Core Team
[    5.709230] systemd[1]: systemd 237 running in system mode. (+PAM +AUDIT +SELINUX +IMA +APPARMOR +SMACK +SYSVINIT +UTMP +LIBCRYPTSETUP +GCRYPT +GNUTLS +ACL +XZ +LZ4 +SECCOMP +BLKID +ELFUTILS +KMOD -IDN2 +IDN -PCRE2 default-hierarchy=hybrid)
[    5.712456] systemd[1]: Detected virtualization oracle.
[    5.713200] systemd[1]: Detected architecture x86-64.

Welcome to [1mUbuntu 18.04.4 LTS[0m!

[    5.719746] systemd[1]: Set hostname to <ubuntu>.
[    5.723609] systemd[1]: Initializing machine ID from random generator.
[    5.724574] systemd[1]: Installed transient /etc/machine-id file.
[    5.951519] systemd[1]: Created slice User and Session Slice.
[[0;32m  OK  [0m] Created slice User and Session Slice.
[    5.953238] systemd[1]: Reached target Swap.
[[0;32m  OK  [0m] Reached target Swap.
[    5.954222] systemd[1]: Reached target User and Group Name Lookups.
[[0;32m  OK  [0m] Reached target User and Group Name Lookups.
[    5.964397] systemd[1]: Started Forward Password Requests to Wall Directory Watch.
[[0;32m  OK  [0m] Started Forward Password Requests to Wall Directory Watch.
[[0;32m  OK  [0m] Created slice System Slice.
[[0;32m  OK  [0m] Listening on Journal Audit Socket.
[[0;32m  OK  [0m] Listening on LVM2 poll daemon socket.
[[0;32m  OK  [0m] Listening on udev Kernel Socket.
[[0;32m  OK  [0m] Listening on Journal Socket.
         Starting Uncomplicated firewall...
         Starting Remount Root and Kernel File Systems...
         Mounting POSIX Message Queue File System...
         Starting Set the console keyboard layout...
[[0;32m  OK  [0m] Listening on udev Control Socket.
         Starting Create list of required st…ce nodes for the current kernel...
[[0;32m  OK  [0m] Listening on Syslog Socket.
[[0;32m  OK  [0m] Reached target Slices.
[[0;32m  OK  [0m] Listening on LVM2 metadata daemon socket.
[[0;32m  OK  [0m] Listening on Journal Socket (/dev/log).
         Starting Journal Service...
[[0;32m  OK  [0m] Reached target System Time Synchronized.
         Starting udev Coldplug all Devices...
[[0;32m  OK  [0m] Listening on Network Service Netlink Socket.
[[0;32m  OK  [0m] Listening on Device-mapper event daemon FIFOs.
         Mounting Huge Pages File System...
         Mounting Kernel Debug File System...
[[0;32m  OK  [0m] Set up automount Arbitrary Executab…rmats File System Automount Point.
[[0;32m  OK  [0m] Listening on /dev/initctl Compatibility Named Pipe.
         Starting Load Kernel Modules...
[[0;32m  OK  [0m] Created slice system-serial\x2dgetty.slice.
         Starting Monitoring of LVM2 mirrors…ng dmeventd or progress polling...
[    6.099459] EXT4-fs (sda1): re-mounted. Opts: (null)
[[0;32m  OK  [0m] Started Journal Service.
[    6.112140] Loading iSCSI transport class v2.0-870.
[[0;32m  OK  [0m] Started Uncomplicated firewall.
[    6.120635] iscsi: registered transport (tcp)
[[0;32m  OK  [0m] Started Remount Root and Kernel File Systems.
[[0;32m  OK  [0m] Mounted POSIX Message Queue File System.
[[0;32m  OK  [0m] Started Create list of required sta…vice nodes for the current kernel.
[[0;32m  OK  [0m] Mounted Huge Pages File System.
[[0;32m  OK  [0m] Mounted Kernel Debug File System.
         Starting Create Static Device Nodes in /dev...
         Starting Load/Save Random Seed...
         Starting Flush Journal to Persistent Storage...
[[0;32m  OK  [0m] Started udev Coldplug all Devices.
[[0;32m  OK  [0m] Started LVM2 metadata daemon.
[[0;32m  OK  [0m] Started Create Static Device Nodes in /dev.
         Starting udev Kernel Device Manager...
[    6.202839] iscsi: registered transport (iser)
[[0;32m  OK  [0m] Started Load Kernel Modules.
         Mounting Kernel Configuration File System...
         Starting Apply Kernel Variables...
         Mounting FUSE Control File System...
[[0;32m  OK  [0m] Mounted Kernel Configuration File System.
[[0;32m  OK  [0m] Mounted FUSE Control File System.
[[0;32m  OK  [0m] Started Load/Save Random Seed.
[    6.223903] systemd-journald[404]: Received request to flush runtime journal from PID 1
[[0;32m  OK  [0m] Started udev Kernel Device Manager.
[[0;32m  OK  [0m] Started Apply Kernel Variables.
[[0;32m  OK  [0m] Started Monitoring of LVM2 mirrors,…sing dmeventd or progress polling.
[[0;32m  OK  [0m] Started Flush Journal to Persistent Storage.
[[0;32m  OK  [0m] Found device /dev/ttyS0.
[[0;32m  OK  [0m] Listening on Load/Save RF Kill Switch Status /dev/rfkill Watch.
[[0;32m  OK  [0m] Started Set the console keyboard layout.
[[0;32m  OK  [0m] Started Dispatch Password Requests to Console Directory Watch.
[[0;32m  OK  [0m] Reached target Local Encrypted Volumes.
[[0;32m  OK  [0m] Reached target Local File Systems (Pre).
[[0;32m  OK  [0m] Reached target Local File Systems.
         Starting Set console font and keymap...
         Starting Tell Plymouth To Write Out Runtime Data...
         Starting Create Volatile Files and Directories...
         Starting Commit a transient machine-id on disk...
         Starting ebtables ruleset management...
         Starting AppArmor initialization...
[[0;32m  OK  [0m] Started Tell Plymouth To Write Out Runtime Data.
[[0;32m  OK  [0m] Started Create Volatile Files and Directories.
         Starting Update UTMP about System Boot/Shutdown...
[[0;32m  OK  [0m] Started Update UTMP about System Boot/Shutdown.
[[0;32m  OK  [0m] Started Commit a transient machine-id on disk.
[[0;32m  OK  [0m] Started ebtables ruleset management.
[[0;32m  OK  [0m] Started Set console font and keymap.
[[0;32m  OK  [0m] Started AppArmor initialization.
         Starting Initial cloud-init job (pre-networking)...
[    8.995089] cloud-init[864]: Cloud-init v. 19.4-33-gbb4131a2-0ubuntu1~18.04.1 running 'init-local' at Mon, 03 Aug 2020 11:58:14 +0000. Up 8.60 seconds.
[[0;32m  OK  [0m] Started Initial cloud-init job (pre-networking).
[[0;32m  OK  [0m] Reached target Network (Pre).
         Starting Network Service...
[[0;32m  OK  [0m] Started Network Service.
         Starting Network Name Resolution...
         Starting Wait for Network to be Configured...
[[0;32m  OK  [0m] Started Network Name Resolution.
[[0;32m  OK  [0m] Reached target Network.
[[0;32m  OK  [0m] Reached target Host and Network Name Lookups.
[[0;32m  OK  [0m] Started Wait for Network to be Configured.
         Starting Initial cloud-init job (metadata service crawler)...
[   11.004667] cloud-init[979]: Cloud-init v. 19.4-33-gbb4131a2-0ubuntu1~18.04.1 running 'init' at Mon, 03 Aug 2020 11:58:16 +0000. Up 10.84 seconds.
[   11.007298] cloud-init[979]: ci-info: ++++++++++++++++++++++++++++++++++++++Net device info+++++++++++++++++++++++++++++++++++++++
[   11.008362] cloud-init[979]: ci-info: +--------+-------+----------------------------+---------------+--------+-------------------+
[   11.009793] cloud-init[979]: ci-info: | Device |   Up  |          Address           |      Mask     | Scope  |     Hw-Address    |
[   11.010758] cloud-init[979]: ci-info: +--------+-------+----------------------------+---------------+--------+-------------------+
[   11.011754] cloud-init[979]: ci-info: | enp0s3 |  True |         10.0.2.15          | 255.255.255.0 | global | 02:fc:38:2c:42:7e |
[   11.012784] cloud-init[979]: ci-info: | enp0s3 |  True | fe80::fc:38ff:fe2c:427e/64 |       .       |  link  | 02:fc:38:2c:42:7e |
[   11.013778] cloud-init[979]: ci-info: | enp0s8 | False |             .              |       .       |   .    | 08:00:27:2a:9a:5a |
[   11.014597] cloud-init[979]: ci-info: |   lo   |  True |         127.0.0.1          |   255.0.0.0   |  host  |         .         |
[   11.015665] cloud-init[979]: ci-info: |   lo   |  True |          ::1/128           |       .       |  host  |         .         |
[   11.016811] cloud-init[979]: ci-info: +--------+-------+----------------------------+---------------+--------+-------------------+
[   11.018291] cloud-init[979]: ci-info: ++++++++++++++++++++++++++++Route IPv4 info+++++++++++++++++++++++++++++
[   11.019749] cloud-init[979]: ci-info: +-------+-------------+----------+-----------------+-----------+-------+
[   11.022021] cloud-init[979]: ci-info: | Route | Destination | Gateway  |     Genmask     | Interface | Flags |
[   11.023142] cloud-init[979]: ci-info: +-------+-------------+----------+-----------------+-----------+-------+
[   11.024174] cloud-init[979]: ci-info: |   0   |   0.0.0.0   | 10.0.2.2 |     0.0.0.0     |   enp0s3  |   UG  |
[   11.025028] cloud-init[979]: ci-info: |   1   |   10.0.2.0  | 0.0.0.0  |  255.255.255.0  |   enp0s3  |   U   |
[   11.025841] cloud-init[979]: ci-info: |   2   |   10.0.2.2  | 0.0.0.0  | 255.255.255.255 |   enp0s3  |   UH  |
[   11.026920] cloud-init[979]: ci-info: +-------+-------------+----------+-----------------+-----------+-------+
[   11.038148] cloud-init[979]: ci-info: +++++++++++++++++++Route IPv6 info+++++++++++++++++++
[   11.039634] cloud-init[979]: ci-info: +-------+-------------+---------+-----------+-------+
[   11.040715] cloud-init[979]: ci-info: | Route | Destination | Gateway | Interface | Flags |
[   11.052569] cloud-init[979]: ci-info: +-------+-------------+---------+-----------+-------+
[   11.053554] cloud-init[979]: ci-info: |   1   |  fe80::/64  |    ::   |   enp0s3  |   U   |
[   11.054610] cloud-init[979]: ci-info: |   3   |    local    |    ::   |   enp0s3  |   U   |
[   11.055975] cloud-init[979]: ci-info: |   4   |   ff00::/8  |    ::   |   enp0s3  |   U   |
[   11.057153] cloud-init[979]: ci-info: +-------+-------------+---------+-----------+-------+
[   11.826484] cloud-init[979]: Generating public/private rsa key pair.
[   11.827442] cloud-init[979]: Your identification has been saved in /etc/ssh/ssh_host_rsa_key.
[   11.828566] cloud-init[979]: Your public key has been saved in /etc/ssh/ssh_host_rsa_key.pub.
[   11.829424] cloud-init[979]: The key fingerprint is:
[   11.830051] cloud-init[979]: SHA256:DbkA4h7U++InbomNzTi4yLEh51fpAyFOP2+7kcaDm7I root@ubuntu-bionic
[   11.831090] cloud-init[979]: The key's randomart image is:
[   11.831777] cloud-init[979]: +---[RSA 2048]----+
[   11.832312] cloud-init[979]: |  o..            |
[   11.832846] cloud-init[979]: | o ...   .       |
[   11.833415] cloud-init[979]: |  o  .. o        |
[   11.834001] cloud-init[979]: | .o.o  . +       |
[   11.834511] cloud-init[979]: | o.o o .S .      |
[   11.835065] cloud-init[979]: |  . =o+.         |
[   11.835642] cloud-init[979]: |.+.O.O*          |
[   11.837002] cloud-init[979]: |=oX X+*o         |
[   11.838234] cloud-init[979]: |o+EB++o+         |
[   11.840917] cloud-init[979]: +----[SHA256]-----+
[   11.852919] cloud-init[979]: Generating public/private dsa key pair.
[   11.864623] cloud-init[979]: Your identification has been saved in /etc/ssh/ssh_host_dsa_key.
[   11.865355] cloud-init[979]: Your public key has been saved in /etc/ssh/ssh_host_dsa_key.pub.
[   11.866211] cloud-init[979]: The key fingerprint is:
[   11.866805] cloud-init[979]: SHA256:1ygc98ZVk9q4R5WtDmRlVN04dLxZalruTAvL1GeTKQs root@ubuntu-bionic
[   11.867779] cloud-init[979]: The key's randomart image is:
[   11.868426] cloud-init[979]: +---[DSA 1024]----+
[   11.881144] cloud-init[979]: |             +==X|
[   11.881616] cloud-init[979]: |            o.o=O|
[   11.882106] cloud-init[979]: |        . .o  =+=|
[   11.882684] cloud-init[979]: |       . o =.+== |
[   11.883211] cloud-init[979]: |        S o =Oo o|
[   11.883757] cloud-init[979]: |         o E+o==o|
[   11.896882] cloud-init[979]: |           o.*++.|
[   11.897428] cloud-init[979]: |            o.+  |
[   11.898050] cloud-init[979]: |                 |
[[0;32m  OK  [0m] Started Initial cloud-init job (metadata service crawler).
[   11.909149] cloud-init[979]: +----[SHA256]-----+
[[0;32m  OK  [0m] Reached target Cloud-config availability.
[   11.910118] [[0;32m  OK  [0m] Reached target System Initialization.
cloud-init[979]: Generating public/private ecdsa key pair.
[[0;32m  OK  [0m] Started Message of the Day.
[   11.911444] cloud-init[979]: Your identification has been saved in /etc/ssh/ssh_host_ecdsa_key.
[[0;32m  OK  [0m] Started ACPI Events Check.
[[0;32m  OK  [0m] Listening on D-Bus System Message Bus Socket.
[[0;32m  OK  [0m] Reached target Paths.
[   11.913645] cloud-init[979]:          Starting Socket activation for snappy daemon.
[[0;32m  OK  [0m] Listening on ACPID Listen Socket.
[[0;32m  OK  [0m] Listening on UUID daemon activation socket.
[[0;32m  OK  [0m] Listening on Open-iSCSI iscsid Socket.
[[0;32m  OK  [0m] Started Discard unused blocks once a week.
[[0;32m  OK  [0m] Started Daily Cleanup of Temporary Directories.
Your public key has been saved in /etc/ssh/ssh_host_ecdsa_key.pub.         Starting LXD - unix socket.

[[0;32m  OK  [0m] Started Daily apt download activities.
[[0;32m  OK  [0m] Started Daily apt upgrade and clean activities.
[[0;32m  OK  [0m] Reached target Timers.
[[0;32m  OK  [0m] Reached target Network is Online.
         Starting Availability of block devices...
[[0;32m  OK  [0m] Reached target Remote File Systems (Pre).
[[0;32m  OK  [0m] Reached target Remote File Systems.
[[0;32m  OK  [0m] Listening on Socket activation for snappy daemon.
[[0;32m  OK  [0m] Listening on LXD - unix socket.
[[0;32m  OK  [0m] Reached target Sockets.
[[0;32m  OK  [0m] Reached target Basic System.
         Starting LSB: Record successful boot for GRUB...
[   11.920036] cloud-init[979]: The key fingerprint is:         Starting Login Service...
         Starting LSB: automatic crash report generation...
[   11.936769] cloud-init[979]: SHA256:rcMTx8KYK052VrZ9rY2WO2qeZXwB60K6cJjlQ4vR2lk root@ubuntu-bionic
[   11.936880] cloud-init[979]: The key's randomart image is:
[   11.938310] cloud-init[979]: +---[ECDSA 256]---+
[   11.939363] cloud-init[979]: |                 |
         Starting Dispatcher daemon for systemd-networkd...
[[0;32m  OK  [0m] Started D-Bus System Message Bus.

[   11.948498] cloud-init[979]: |                 |
[   11.949804] cloud-init[979]: |            .    |
[   11.950378] cloud-init[979]: |       = o   o   |
[   11.960569] cloud-init[979]: |      + S E . .  |
[   11.961080] cloud-init[979]: |       / & o . . |
[   11.962004] cloud-init[979]: |    + X # o *.o  |
[   11.962652] cloud-init[979]: |   + + o =.*+=   |
[   11.963260] cloud-init[979]: |    .   .o+o+o.  |
[   11.963971] cloud-init[979]: +----[SHA256]-----+
[   11.964583] cloud-init[979]: Generating public/private ed25519 key pair.
[   11.965411] cloud-init[979]: Your identification has been saved in /etc/ssh/ssh_host_ed25519_key.
[   11.976463] cloud-init[979]: Your public key has been saved in /etc/ssh/ssh_host_ed25519_key.pub.
[   11.978088] cloud-init[979]: The key fingerprint is:
[   11.978544] cloud-init[979]: SHA256:wAFCvWAu39YwtnYWmV+ELfcdG7Ut8W6ig3NHf5pbitI root@ubuntu-bionic
[   11.979485] cloud-init[979]: The key's randomart image is:         Starting Permit User Sessions...
         Starting LXD - container startup/shutdown...

[   12.004916] cloud-init[979]: +--[ED25519 256]--+
[   12.016483] cloud-init[979]: | .o....  o    ...|
[   12.017033] cloud-init[979]: |  o... .o +   ooo|
[   12.017578] cloud-init[979]: | o . .oo + . ..=o|
[   12.018383] cloud-init[979]: |. . = +.  . . oo |
[[0;32m  OK  [0m] Started Regular background program processing daemon.
[   12.032922] cloud-init[979]: | o o = oS.    o o|
[   12.049298] cloud-init[979]: |  . = + .  . o + |
[   12.050195] cloud-init[979]: |   o o    o.+ . +|
[   12.050618] cloud-init[979]: |          .oE+ =.|
[   12.061007] cloud-init[979]: |           .. =. |
[   12.061460] cloud-init[979]: +----[SHA256]-----+
[[0;32m  OK  [0m] Started irqbalance daemon.
         Starting Accounts Service...
[[0;32m  OK  [0m] Started FUSE filesystem for LXC.
         Starting Pollinate to seed the pseudo random number generator...
[[0;32m  OK  [0m] Started Deferred execution scheduler.
         Starting System Logging Service...
         Starting Virtualbox guest utils...
         Starting Snappy daemon...
[[0;32m  OK  [0m] Started System Logging Service.
[[0;32m  OK  [0m] Started Availability of block devices.
[[0;32m  OK  [0m] Started Permit User Sessions.
[[0;32m  OK  [0m] Started Login Service.
[[0;32m  OK  [0m] Started Unattended Upgrades Shutdown.
         Starting Hold until boot process finishes up...
         Starting Terminate Plymouth Boot Screen...
[[0;32m  OK  [0m] Started Hold until boot process finishes up.
[[0;32m  OK  [0m] Started Serial Getty on ttyS0.
         Starting Set console scheme...
[[0;32m  OK  [0m] Started Terminate Plymouth Boot Screen.
[[0;32m  OK  [0m] Started LSB: automatic crash report generation.
[[0;32m  OK  [0m] Started Set console scheme.
[[0;32m  OK  [0m] Created slice system-getty.slice.
[[0;32m  OK  [0m] Started Getty on tty1.
[[0;32m  OK  [0m] Reached target Login Prompts.
         Starting Authorization Manager...
[[0;32m  OK  [0m] Started LSB: Record successful boot for GRUB.
[[0;32m  OK  [0m] Started Virtualbox guest utils.
[[0;32m  OK  [0m] Started Authorization Manager.
[[0;32m  OK  [0m] Started Accounts Service.
[[0;32m  OK  [0m] Started LXD - container startup/shutdown.
[[0;32m  OK  [0m] Started Dispatcher daemon for systemd-networkd.
[[0;32m  OK  [0m] Started Pollinate to seed the pseudo random number generator.
         Starting OpenBSD Secure Shell server...
[[0;32m  OK  [0m] Started Snappy daemon.
         Starting Wait until snapd is fully seeded...
[[0;32m  OK  [0m] Started OpenBSD Secure Shell server.
[[0;32m  OK  [0m] Created slice User Slice of vagrant.
         Starting User Manager for UID 1000...
[[0;32m  OK  [0m] Started Session 1 of user vagrant.
[[0;32m  OK  [0m] Started User Manager for UID 1000.
[[0;32m  OK  [0m] Started Wait until snapd is fully seeded.
         Starting Apply the settings specified in cloud-config...
[[0;32m  OK  [0m] Reached target Multi-User System.
[[0;32m  OK  [0m] Reached target Graphical Interface.
         Starting Update UTMP about System Runlevel Changes...
[[0;32m  OK  [0m] Started Update UTMP about System Runlevel Changes.
[   15.406782] cloud-init[1514]: Cloud-init v. 19.4-33-gbb4131a2-0ubuntu1~18.04.1 running 'modules:config' at Mon, 03 Aug 2020 11:58:20 +0000. Up 14.70 seconds.
[[0;32m  OK  [0m] Started Apply the settings specified in cloud-config.
         Starting Execute cloud user/final scripts...
ci-info: no authorized SSH keys fingerprints found for user ubuntu.
<14>Aug  3 11:58:22 ec2: 
<14>Aug  3 11:58:22 ec2: #############################################################
<14>Aug  3 11:58:22 ec2: -----BEGIN SSH HOST KEY FINGERPRINTS-----
<14>Aug  3 11:58:22 ec2: 1024 SHA256:1ygc98ZVk9q4R5WtDmRlVN04dLxZalruTAvL1GeTKQs root@ubuntu-bionic (DSA)
<14>Aug  3 11:58:22 ec2: 256 SHA256:rcMTx8KYK052VrZ9rY2WO2qeZXwB60K6cJjlQ4vR2lk root@ubuntu-bionic (ECDSA)
<14>Aug  3 11:58:22 ec2: 256 SHA256:wAFCvWAu39YwtnYWmV+ELfcdG7Ut8W6ig3NHf5pbitI root@ubuntu-bionic (ED25519)
<14>Aug  3 11:58:22 ec2: 2048 SHA256:DbkA4h7U++InbomNzTi4yLEh51fpAyFOP2+7kcaDm7I root@ubuntu-bionic (RSA)
<14>Aug  3 11:58:22 ec2: -----END SSH HOST KEY FINGERPRINTS-----
<14>Aug  3 11:58:22 ec2: #############################################################
-----BEGIN SSH HOST KEY KEYS-----
ecdsa-sha2-nistp256 AAAAE2VjZHNhLXNoYTItbmlzdHAyNTYAAAAIbmlzdHAyNTYAAABBBDZYvZgvmJMV8ZbIiJpUwcGn4xOkcNfLELgaui6d9f2kifv6VsrjJv3jdTcniVT324b3ID3B1jPWVHbqAMqCTis= root@ubuntu-bionic
ssh-ed25519 AAAAC3NzaC1lZDI1NTE5AAAAIMzETRO8gUNE+zcF+PC0vVoa0W5K1NvndkxKCo0oTUfh root@ubuntu-bionic
ssh-rsa AAAAB3NzaC1yc2EAAAADAQABAAABAQDNS+FQnQfgFPDL3NZabHtLHVZZ1JprMTkR+eKKbMom018N5FXTNNq2/gZic2/ArhBQbno1IVpxdobItShaR8LawK+1cc47QtQzAu73lbKvCMGjkCdmul0cZiM1tHuFEVV/xkLPdhMaUVqVzZMCy9lu4sZKv6yoAv87Gf5MA4+goMHtMrVwJgOzXXqzhU+edg4Z9LBEejHv+M/aFyMSb7sOveyi9wAdyTyHVdCIpleDdyn7EpimXwMFywvkiz7CEVK8clyma0NkDEfBSYDQVpG1cQX1UdLHFgyusC/cOwozokexcnGnpI6mRXL1MUW9rTvf4AAd4ercRVArgsfJ+uMt root@ubuntu-bionic
-----END SSH HOST KEY KEYS-----
[   16.225603] cloud-init[1636]: Cloud-init v. 19.4-33-gbb4131a2-0ubuntu1~18.04.1 running 'modules:final' at Mon, 03 Aug 2020 11:58:21 +0000. Up 16.03 seconds.
[   16.228393] cloud-init[1636]: ci-info: no authorized SSH keys fingerprints found for user ubuntu.
[   16.229262] cloud-init[1636]: Cloud-init v. 19.4-33-gbb4131a2-0ubuntu1~18.04.1 finished at Mon, 03 Aug 2020 11:58:22 +0000. Datasource DataSourceNoCloud [seed=/dev/sdb][dsmode=net].  Up 16.21 seconds
[[0;32m  OK  [0m] Started Execute cloud user/final scripts.
[[0;32m  OK  [0m] Reached target Cloud-init target.

Ubuntu 18.04.4 LTS ubuntu-bionic ttyS0

ubuntu-bionic login: 